{
  "RSpec": {
    "coverage": {
      "/Users/santiago/Desktop/projects/college/9th_semester/ia_chatbot_file_request_assistant/app/models/user.rb": {
        "lines": [
          null,
          null,
          1,
          1,
          null,
          null,
          1,
          null,
          1,
          1,
          null,
          1,
          null,
          1,
          1,
          1,
          null,
          1,
          1,
          null,
          1,
          38,
          38,
          null,
          null,
          1,
          0,
          null,
          null
        ]
      },
      "/Users/santiago/Desktop/projects/college/9th_semester/ia_chatbot_file_request_assistant/app/models/application_record.rb": {
        "lines": [
          null,
          null,
          1,
          1,
          null
        ]
      },
      "/Users/santiago/Desktop/projects/college/9th_semester/ia_chatbot_file_request_assistant/app/helpers/application_helper.rb": {
        "lines": [
          null,
          null,
          1,
          null
        ]
      },
      "/Users/santiago/Desktop/projects/college/9th_semester/ia_chatbot_file_request_assistant/app/helpers/documents_helper.rb": {
        "lines": [
          null,
          null,
          1,
          1,
          5,
          null,
          null,
          null,
          null,
          null,
          null,
          null
        ]
      },
      "/Users/santiago/Desktop/projects/college/9th_semester/ia_chatbot_file_request_assistant/app/helpers/messages_helper.rb": {
        "lines": [
          null,
          null,
          1,
          1,
          4,
          null,
          4,
          null,
          null,
          null,
          null,
          null,
          4,
          null,
          null,
          null,
          null,
          null,
          4,
          null,
          null,
          null
        ]
      },
      "/Users/santiago/Desktop/projects/college/9th_semester/ia_chatbot_file_request_assistant/app/controllers/admin/dashboard_controller.rb": {
        "lines": [
          null,
          null,
          1,
          1,
          1,
          1,
          1,
          1,
          1,
          1,
          1,
          null,
          null,
          null
        ]
      },
      "/Users/santiago/Desktop/projects/college/9th_semester/ia_chatbot_file_request_assistant/app/controllers/admin/base_controller.rb": {
        "lines": [
          null,
          null,
          1,
          1,
          1,
          1,
          1,
          null,
          1,
          null,
          1,
          40,
          null,
          null,
          null
        ]
      },
      "/Users/santiago/Desktop/projects/college/9th_semester/ia_chatbot_file_request_assistant/app/controllers/application_controller.rb": {
        "lines": [
          null,
          null,
          1,
          1,
          null,
          1,
          null,
          23,
          23,
          null,
          1,
          1,
          null,
          1,
          null,
          1,
          null,
          1,
          20,
          20,
          null,
          null,
          1,
          1,
          null,
          null,
          1,
          0,
          null,
          null
        ]
      },
      "/Users/santiago/Desktop/projects/college/9th_semester/ia_chatbot_file_request_assistant/app/models/document.rb": {
        "lines": [
          null,
          null,
          1,
          null,
          null,
          null,
          null,
          1,
          null,
          null,
          null,
          null,
          null,
          1,
          1,
          null,
          null,
          1,
          1,
          null,
          1,
          null,
          null,
          1,
          1,
          null,
          null,
          1,
          null,
          null,
          1,
          1,
          null,
          null,
          null,
          null,
          null,
          1,
          null,
          null,
          null,
          100,
          null,
          null,
          null,
          null,
          null,
          2,
          7,
          1,
          null,
          null,
          null,
          null,
          null,
          1,
          3,
          null,
          2,
          null,
          null,
          1,
          0,
          null,
          null,
          null,
          null,
          null,
          null,
          null,
          null
        ]
      },
      "/Users/santiago/Desktop/projects/college/9th_semester/ia_chatbot_file_request_assistant/app/models/conversation.rb": {
        "lines": [
          null,
          null,
          1,
          null,
          null,
          null,
          null,
          1,
          null,
          null,
          1,
          18,
          null,
          null,
          1,
          null,
          null,
          null,
          null,
          null,
          null,
          null,
          2,
          3,
          null,
          null,
          null,
          null,
          null,
          1,
          0,
          null,
          0,
          null,
          null,
          1,
          0,
          null,
          null,
          null,
          null,
          null,
          null,
          null,
          null
        ]
      },
      "/Users/santiago/Desktop/projects/college/9th_semester/ia_chatbot_file_request_assistant/app/controllers/admin/documents_controller.rb": {
        "lines": [
          null,
          null,
          1,
          1,
          1,
          null,
          1,
          2,
          null,
          null,
          1,
          null,
          1,
          null,
          1,
          5,
          4,
          2,
          2,
          2,
          2,
          null,
          2,
          null,
          4,
          null,
          1,
          null,
          null,
          null,
          1,
          4,
          2,
          null,
          null,
          null,
          2,
          2,
          2,
          2,
          null,
          null,
          1,
          3,
          3,
          3,
          null,
          null,
          1,
          null,
          1,
          16,
          null,
          null,
          1,
          5,
          5,
          5,
          null,
          null,
          null
        ]
      },
      "/Users/santiago/Desktop/projects/college/9th_semester/ia_chatbot_file_request_assistant/app/models/document_chunk.rb": {
        "lines": [
          null,
          null,
          1,
          null,
          null,
          null,
          null,
          null,
          null,
          null,
          null,
          null,
          1,
          null,
          1,
          null,
          null,
          null,
          null,
          null,
          1,
          1,
          null,
          null,
          null,
          null,
          null,
          null,
          1,
          0,
          null,
          null,
          null,
          1,
          0,
          null,
          null,
          null,
          1,
          0,
          null,
          null,
          null,
          null,
          null,
          null,
          null,
          null
        ]
      },
      "/Users/santiago/Desktop/projects/college/9th_semester/ia_chatbot_file_request_assistant/app/jobs/documents/ingest_job.rb": {
        "lines": [
          null,
          null,
          1,
          1,
          1,
          null,
          1,
          1,
          null,
          1,
          0,
          null,
          null,
          0,
          null,
          0,
          null,
          0,
          null,
          0,
          null,
          null,
          1,
          null,
          1,
          0,
          0,
          null,
          0,
          0,
          0,
          null,
          0,
          null,
          null,
          1,
          0,
          0,
          0,
          0,
          null,
          null,
          0,
          null,
          null,
          1,
          null,
          null,
          null,
          0,
          null,
          0,
          null,
          null,
          null
        ]
      },
      "/Users/santiago/Desktop/projects/college/9th_semester/ia_chatbot_file_request_assistant/app/jobs/application_job.rb": {
        "lines": [
          null,
          null,
          1,
          null,
          null,
          null,
          null,
          null,
          null
        ]
      },
      "/Users/santiago/Desktop/projects/college/9th_semester/ia_chatbot_file_request_assistant/app/controllers/admin/users_controller.rb": {
        "lines": [
          null,
          null,
          1,
          1,
          1,
          1,
          null,
          null,
          1,
          1,
          null,
          null,
          1,
          1,
          null,
          null,
          1,
          1,
          null,
          null,
          1,
          2,
          2,
          1,
          null,
          1,
          null,
          null,
          null,
          1,
          2,
          2,
          1,
          null,
          1,
          null,
          null,
          null,
          1,
          0,
          0,
          0,
          null,
          null,
          1,
          null,
          1,
          4,
          null,
          null,
          null,
          null
        ]
      },
      "/Users/santiago/Desktop/projects/college/9th_semester/ia_chatbot_file_request_assistant/app/models/certificate_request.rb": {
        "lines": [
          null,
          null,
          1,
          null,
          null,
          null,
          null,
          1,
          1,
          1,
          null,
          null,
          1,
          null,
          1,
          null,
          null,
          1,
          1,
          null,
          null,
          1,
          1,
          1,
          1,
          null,
          null,
          null,
          null,
          null,
          1,
          null,
          null,
          1,
          0,
          null,
          4,
          null,
          null,
          null,
          null,
          1,
          0,
          null,
          null,
          1,
          0,
          0,
          0,
          null,
          null,
          null,
          1,
          5,
          null,
          5,
          null,
          null,
          1,
          2,
          null,
          null,
          null,
          null,
          null,
          null,
          null,
          null,
          null,
          1,
          null,
          null,
          1,
          5,
          null,
          null
        ]
      },
      "/Users/santiago/Desktop/projects/college/9th_semester/ia_chatbot_file_request_assistant/app/controllers/certificate_requests_controller.rb": {
        "lines": [
          null,
          null,
          1,
          1,
          2,
          0,
          0,
          null,
          null,
          2,
          null,
          null,
          1,
          3,
          2,
          null,
          null,
          1,
          0,
          0,
          0,
          0,
          null,
          null,
          1,
          0,
          0,
          0,
          null,
          0,
          0,
          null,
          0,
          null,
          null,
          0,
          0,
          null,
          null,
          0,
          null,
          null,
          null,
          1,
          null,
          1,
          0,
          null,
          null,
          null,
          null,
          1,
          0,
          0,
          null,
          0,
          null,
          null
        ]
      },
      "/Users/santiago/Desktop/projects/college/9th_semester/ia_chatbot_file_request_assistant/app/policies/certificate_request_policy.rb": {
        "lines": [
          null,
          null,
          null,
          null,
          null,
          null,
          null,
          null,
          null,
          null,
          null,
          null,
          null,
          null,
          null,
          1,
          1,
          1,
          1,
          1,
          1,
          1,
          null,
          1,
          1,
          2,
          null,
          null,
          null,
          1,
          null,
          1,
          2,
          null,
          2,
          null,
          null
        ]
      },
      "/Users/santiago/Desktop/projects/college/9th_semester/ia_chatbot_file_request_assistant/app/policies/application_policy.rb": {
        "lines": [
          null,
          null,
          1,
          1,
          null,
          1,
          22,
          null,
          22,
          22,
          null,
          null,
          1,
          1,
          1,
          1,
          1,
          1,
          1,
          null,
          1,
          1,
          7,
          null,
          7,
          7,
          null,
          null,
          1,
          null,
          1,
          null,
          1,
          null,
          null
        ]
      },
      "/Users/santiago/Desktop/projects/college/9th_semester/ia_chatbot_file_request_assistant/app/controllers/conversations_controller.rb": {
        "lines": [
          null,
          null,
          1,
          1,
          2,
          null,
          null,
          1,
          2,
          2,
          1,
          1,
          null,
          null,
          1,
          1,
          1,
          1,
          null,
          null,
          1,
          2,
          2,
          1,
          1,
          null,
          null
        ]
      },
      "/Users/santiago/Desktop/projects/college/9th_semester/ia_chatbot_file_request_assistant/app/policies/conversation_policy.rb": {
        "lines": [
          null,
          null,
          null,
          null,
          null,
          null,
          null,
          null,
          null,
          null,
          null,
          1,
          1,
          1,
          1,
          1,
          1,
          null,
          1,
          1,
          2,
          null,
          null,
          null,
          1,
          null,
          1,
          10,
          null,
          10,
          null,
          null
        ]
      },
      "/Users/santiago/Desktop/projects/college/9th_semester/ia_chatbot_file_request_assistant/app/models/message.rb": {
        "lines": [
          null,
          null,
          1,
          null,
          null,
          null,
          null,
          null,
          null,
          null,
          1,
          null,
          null,
          1,
          1,
          null,
          null,
          null,
          null,
          null,
          1,
          null,
          null,
          null,
          null,
          null,
          1,
          2,
          null,
          null,
          null,
          null,
          null,
          1,
          null,
          null,
          null,
          null,
          null,
          null,
          0,
          null,
          null,
          null,
          1,
          8,
          null,
          null,
          1,
          0,
          null,
          null,
          null,
          null,
          null,
          null,
          null,
          null
        ]
      },
      "/Users/santiago/Desktop/projects/college/9th_semester/ia_chatbot_file_request_assistant/app/controllers/documents_controller.rb": {
        "lines": [
          null,
          null,
          1,
          1,
          3,
          null,
          null,
          1,
          3,
          3,
          null,
          null,
          1,
          1,
          1,
          null,
          null,
          1,
          3,
          3,
          null,
          2,
          2,
          2,
          null,
          0,
          null,
          null,
          null,
          1,
          2,
          2,
          1,
          1,
          1,
          null,
          null,
          1,
          null,
          1,
          3,
          3,
          3,
          null,
          null
        ]
      },
      "/Users/santiago/Desktop/projects/college/9th_semester/ia_chatbot_file_request_assistant/app/policies/document_policy.rb": {
        "lines": [
          null,
          null,
          1,
          1,
          1,
          1,
          1,
          1,
          null,
          1,
          1,
          3,
          null,
          null,
          null
        ]
      },
      "/Users/santiago/Desktop/projects/college/9th_semester/ia_chatbot_file_request_assistant/app/controllers/messages_controller.rb": {
        "lines": [
          null,
          null,
          1,
          1,
          6,
          6,
          null,
          5,
          5,
          null,
          4,
          null,
          null,
          null,
          null,
          null,
          4,
          null,
          null,
          null,
          null,
          null,
          null,
          4,
          4,
          null,
          null,
          null,
          null,
          null,
          4,
          null,
          null,
          null,
          null,
          null,
          null,
          4,
          null,
          4,
          null,
          null,
          1,
          null,
          1,
          5,
          null,
          null
        ]
      },
      "/Users/santiago/Desktop/projects/college/9th_semester/ia_chatbot_file_request_assistant/app/jobs/rag/query_job.rb": {
        "lines": [
          null,
          null,
          1,
          1,
          1,
          null,
          1,
          1,
          1,
          null,
          1,
          0,
          null,
          null,
          0,
          null,
          0,
          0,
          null,
          0,
          null,
          null,
          null,
          null,
          null,
          null,
          0,
          null,
          null,
          0,
          null,
          null,
          0,
          null,
          null,
          null,
          null,
          null,
          null,
          0,
          null,
          null,
          null
        ]
      },
      "/Users/santiago/Desktop/projects/college/9th_semester/ia_chatbot_file_request_assistant/app/controllers/admin/certificate_requests_controller.rb": {
        "lines": [
          null,
          null,
          0,
          0,
          0,
          null,
          0,
          0,
          0,
          0,
          0,
          null,
          0,
          null,
          0,
          0,
          0,
          0,
          0,
          0,
          0,
          0,
          0,
          0,
          null,
          0,
          null,
          0,
          0,
          0,
          null,
          0,
          0,
          0,
          0,
          0,
          0,
          null,
          0,
          0,
          0,
          null,
          0,
          0,
          0,
          null,
          0,
          0,
          0,
          null,
          0,
          0,
          0,
          0,
          0,
          0,
          0,
          null,
          0,
          0,
          null,
          0,
          0,
          null,
          0,
          0,
          null,
          0,
          0,
          null,
          0,
          0,
          0,
          0,
          0,
          0
        ],
        "branches": {}
      },
      "/Users/santiago/Desktop/projects/college/9th_semester/ia_chatbot_file_request_assistant/app/controllers/admin/certificate_types_controller.rb": {
        "lines": [
          null,
          null,
          0,
          0,
          0,
          null,
          0,
          0,
          0,
          null,
          0,
          0,
          0,
          null,
          0,
          null,
          0,
          0,
          0,
          0,
          0,
          0,
          0,
          0,
          null,
          0,
          0,
          0,
          0,
          0,
          0,
          0,
          null,
          0,
          0,
          0,
          0,
          0,
          0,
          0,
          0,
          0,
          null,
          0,
          null,
          0,
          0,
          0,
          null,
          0,
          0,
          0,
          0,
          0,
          0,
          0,
          0,
          0
        ],
        "branches": {}
      },
      "/Users/santiago/Desktop/projects/college/9th_semester/ia_chatbot_file_request_assistant/app/controllers/users/sessions_controller.rb": {
        "lines": [
          null,
          null,
          0,
          0,
          0,
          null,
          0,
          0,
          0,
          null,
          0,
          0,
          0,
          0,
          0
        ],
        "branches": {}
      },
      "/Users/santiago/Desktop/projects/college/9th_semester/ia_chatbot_file_request_assistant/app/models/certificate_type.rb": {
        "lines": [
          null,
          null,
          0,
          null,
          0,
          0,
          0,
          null,
          null,
          0,
          0,
          null,
          null,
          0,
          0,
          0,
          0,
          0,
          0,
          0,
          null,
          0,
          0,
          0,
          null,
          0,
          0,
          0,
          0,
          0,
          0,
          0,
          0,
          0,
          0
        ],
        "branches": {}
      },
      "/Users/santiago/Desktop/projects/college/9th_semester/ia_chatbot_file_request_assistant/app/services/application_service.rb": {
        "lines": [
          null,
          null,
          null,
          null,
          null,
          0,
          null,
          null,
          0,
          null,
          0,
          0,
          0,
          0
        ],
        "branches": {}
      },
      "/Users/santiago/Desktop/projects/college/9th_semester/ia_chatbot_file_request_assistant/app/services/documents/chunking_service.rb": {
        "lines": [
          null,
          null,
          0,
          null,
          null,
          null,
          null,
          null,
          null,
          null,
          0,
          0,
          0,
          null,
          0,
          0,
          0,
          null,
          0,
          0,
          0,
          0,
          null,
          0,
          0,
          null,
          0,
          0,
          null,
          0,
          0,
          null,
          0,
          null,
          0,
          0,
          0,
          0,
          null,
          0,
          0,
          0,
          null,
          0,
          null,
          0,
          0,
          0,
          null,
          0,
          0,
          null,
          0,
          0,
          0,
          0,
          0,
          0,
          0,
          0,
          0,
          0,
          0,
          0
        ],
        "branches": {}
      },
      "/Users/santiago/Desktop/projects/college/9th_semester/ia_chatbot_file_request_assistant/app/services/documents/embed_service.rb": {
        "lines": [
          null,
          null,
          0,
          null,
          null,
          null,
          null,
          null,
          0,
          0,
          null,
          0,
          0,
          0,
          null,
          0,
          0,
          0,
          null,
          0,
          0,
          null,
          0,
          0,
          null,
          0,
          0,
          0,
          null,
          0,
          0,
          null,
          0,
          0,
          0,
          0,
          null,
          null,
          0,
          0,
          0
        ],
        "branches": {}
      },
      "/Users/santiago/Desktop/projects/college/9th_semester/ia_chatbot_file_request_assistant/app/services/documents/text_extractor_service.rb": {
        "lines": [
          null,
          null,
          0,
          null,
          null,
          null,
          null,
          0,
          0,
          null,
          0,
          0,
          0,
          0,
          0,
          0,
          null,
          0,
          0,
          0,
          null,
          0,
          0,
          0,
          null,
          0,
          0,
          0,
          null,
          0,
          0,
          null,
          0,
          0,
          0,
          0,
          0,
          0,
          null,
          0,
          null,
          0,
          0,
          0,
          null,
          0,
          0,
          0,
          null,
          0,
          0,
          0,
          null,
          0,
          0,
          0,
          0,
          0,
          0,
          0,
          0,
          0,
          0,
          0,
          0,
          null,
          0,
          0,
          0,
          0,
          0,
          null,
          0,
          0,
          0,
          0,
          0,
          null,
          0,
          0,
          0,
          0,
          null,
          0,
          0,
          null,
          0,
          0,
          null,
          0,
          0,
          0,
          0,
          null,
          null,
          null,
          null,
          0,
          0,
          0,
          0,
          0
        ],
        "branches": {}
      },
      "/Users/santiago/Desktop/projects/college/9th_semester/ia_chatbot_file_request_assistant/app/services/rag/embed_service.rb": {
        "lines": [
          null,
          null,
          0,
          0,
          0,
          0,
          0,
          null,
          0,
          null,
          0,
          0,
          0,
          null,
          0,
          0,
          0,
          null,
          0,
          0,
          0,
          0,
          0,
          null,
          0,
          0,
          0,
          0,
          null,
          0,
          null,
          0,
          0,
          0,
          0,
          0
        ],
        "branches": {}
      },
      "/Users/santiago/Desktop/projects/college/9th_semester/ia_chatbot_file_request_assistant/app/services/rag/generation_service.rb": {
        "lines": [
          null,
          null,
          0,
          0,
          0,
          0,
          0,
          null,
          0,
          0,
          0,
          0,
          null,
          0,
          0,
          0,
          0,
          0,
          0,
          0,
          0,
          0,
          0,
          0,
          0,
          0,
          0,
          0,
          0,
          null,
          0,
          null,
          0,
          0,
          0,
          0,
          null,
          0,
          0,
          0,
          0,
          0,
          0,
          0,
          null,
          0,
          0,
          null,
          0,
          0,
          0,
          0,
          0,
          0,
          null,
          0,
          0,
          null,
          0,
          0,
          0,
          0,
          0,
          null,
          0,
          null,
          0,
          0,
          0,
          null,
          0,
          0,
          null,
          null,
          0,
          null,
          null,
          0,
          0,
          null,
          null,
          0,
          0,
          null,
          null,
          0,
          null,
          null,
          0,
          null,
          0,
          0,
          null,
          0,
          0,
          null,
          0,
          0,
          null,
          null,
          0,
          0,
          0,
          0,
          null,
          0,
          0,
          null,
          0,
          0,
          null,
          0,
          0,
          0,
          null,
          0,
          0,
          0,
          null,
          0,
          0,
          0,
          0,
          null,
          0,
          0,
          0,
          0,
          null,
          0,
          0,
          0,
          0,
          0,
          null,
          0,
          0,
          0,
          0,
          null,
          0,
          0,
          null,
          0,
          0,
          0,
          0,
          0,
          null,
          0,
          0,
          0,
          null,
          0,
          0,
          0,
          0,
          0,
          0,
          0,
          0,
          0,
          0,
          0,
          0
        ],
        "branches": {}
      },
      "/Users/santiago/Desktop/projects/college/9th_semester/ia_chatbot_file_request_assistant/app/services/rag/query_service.rb": {
        "lines": [
          null,
          null,
          0,
          0,
          0,
          null,
          0,
          0,
          0,
          0,
          null,
          0,
          0,
          0,
          0,
          0,
          0,
          null,
          0,
          0,
          null,
          0,
          0,
          null,
          0,
          0,
          null,
          0,
          0,
          null,
          0,
          0,
          null,
          0,
          0,
          null,
          0,
          null,
          0,
          0,
          0,
          null,
          0,
          0,
          0,
          null,
          0,
          0,
          0,
          0,
          0,
          0,
          0,
          0,
          0,
          null,
          0,
          0,
          0,
          0,
          0,
          0,
          0,
          0,
          0,
          0,
          null,
          0,
          0,
          0,
          0,
          0,
          0
        ],
        "branches": {}
      },
      "/Users/santiago/Desktop/projects/college/9th_semester/ia_chatbot_file_request_assistant/app/services/rag/retrieval_service.rb": {
        "lines": [
          null,
          null,
          0,
          0,
          0,
          0,
          null,
          0,
          null,
          0,
          0,
          0,
          null,
          0,
          0,
          0,
          null,
          0,
          0,
          0,
          0,
          0,
          0,
          null,
          0,
          0,
          0,
          0,
          0,
          0
        ],
        "branches": {}
      }
    },
    "timestamp": 1780418212
  }
}
